<?xml version="1.0" encoding="UTF-8"?>
<!-- Generated by org.testng.reporters.JUnitReportReporter -->
<testsuite hostname="DESKTOP-BRTK7L7" failures="0" tests="1" name="com.Basic.Basicclass" time="143.061" errors="0" timestamp="2023-06-20T19:53:42 IST" skipped="0">
  <testcase classname="com.Basic.Basicclass" name="Appiumtest" time="143.061"/>
  <system-out/>
</testsuite> <!-- com.Basic.Basicclass -->
